<?xml version="1.0" encoding="UTF-8"?>
<!-- Generated by org.testng.reporters.JUnitReportReporter -->
<testsuite hostname="DESKTOP-CT6IKA7" failures="0" tests="2" name="Framework.Practice.AppTest" time="16.458" errors="0" timestamp="2021-04-27T22:55:10 IST" skipped="0">
  <testcase classname="Framework.Practice.AppTest" name="Test1" time="5.040"/>
  <system-out/>
  <testcase classname="Framework.Practice.AppTest" name="Test2" time="11.418"/>
  <system-out/>
</testsuite> <!-- Framework.Practice.AppTest -->
